Determining if the pthread_create exist failed with the following output:
Change Dir: /home/nx/Paul.Cheung/code/AWR_Soft/build/CMakeFiles/CMakeTmp

Run Build Command:"/usr/bin/make" "cmTC_4f45e/fast"
/usr/bin/make -f CMakeFiles/cmTC_4f45e.dir/build.make CMakeFiles/cmTC_4f45e.dir/build
make[1]: 进入目录“/home/nx/Paul.Cheung/code/AWR_Soft/build/CMakeFiles/CMakeTmp”
Building C object CMakeFiles/cmTC_4f45e.dir/CheckSymbolExists.c.o
/usr/bin/cc   -fPIC    -o CMakeFiles/cmTC_4f45e.dir/CheckSymbolExists.c.o   -c /home/nx/Paul.Cheung/code/AWR_Soft/build/CMakeFiles/CMakeTmp/CheckSymbolExists.c
Linking C executable cmTC_4f45e
/usr/bin/cmake -E cmake_link_script CMakeFiles/cmTC_4f45e.dir/link.txt --verbose=1
/usr/bin/cc -fPIC     -rdynamic CMakeFiles/cmTC_4f45e.dir/CheckSymbolExists.c.o  -o cmTC_4f45e 
CMakeFiles/cmTC_4f45e.dir/CheckSymbolExists.c.o：在函数‘main’中：
CheckSymbolExists.c:(.text+0x14)：对‘pthread_create’未定义的引用
CheckSymbolExists.c:(.text+0x18)：对‘pthread_create’未定义的引用
collect2: error: ld returned 1 exit status
CMakeFiles/cmTC_4f45e.dir/build.make:97: recipe for target 'cmTC_4f45e' failed
make[1]: *** [cmTC_4f45e] Error 1
make[1]: 离开目录“/home/nx/Paul.Cheung/code/AWR_Soft/build/CMakeFiles/CMakeTmp”
Makefile:126: recipe for target 'cmTC_4f45e/fast' failed
make: *** [cmTC_4f45e/fast] Error 2

File /home/nx/Paul.Cheung/code/AWR_Soft/build/CMakeFiles/CMakeTmp/CheckSymbolExists.c:
/* */
#include <pthread.h>

int main(int argc, char** argv)
{
  (void)argv;
#ifndef pthread_create
  return ((int*)(&pthread_create))[argc];
#else
  (void)argc;
  return 0;
#endif
}

Determining if the function pthread_create exists in the pthreads failed with the following output:
Change Dir: /home/nx/Paul.Cheung/code/AWR_Soft/build/CMakeFiles/CMakeTmp

Run Build Command:"/usr/bin/make" "cmTC_c9efe/fast"
/usr/bin/make -f CMakeFiles/cmTC_c9efe.dir/build.make CMakeFiles/cmTC_c9efe.dir/build
make[1]: 进入目录“/home/nx/Paul.Cheung/code/AWR_Soft/build/CMakeFiles/CMakeTmp”
Building C object CMakeFiles/cmTC_c9efe.dir/CheckFunctionExists.c.o
/usr/bin/cc   -fPIC -DCHECK_FUNCTION_EXISTS=pthread_create   -o CMakeFiles/cmTC_c9efe.dir/CheckFunctionExists.c.o   -c /usr/share/cmake-3.10/Modules/CheckFunctionExists.c
Linking C executable cmTC_c9efe
/usr/bin/cmake -E cmake_link_script CMakeFiles/cmTC_c9efe.dir/link.txt --verbose=1
/usr/bin/cc -fPIC -DCHECK_FUNCTION_EXISTS=pthread_create    -rdynamic CMakeFiles/cmTC_c9efe.dir/CheckFunctionExists.c.o  -o cmTC_c9efe -lpthreads 
/usr/bin/ld: 找不到 -lpthreads
collect2: error: ld returned 1 exit status
CMakeFiles/cmTC_c9efe.dir/build.make:97: recipe for target 'cmTC_c9efe' failed
make[1]: *** [cmTC_c9efe] Error 1
make[1]: 离开目录“/home/nx/Paul.Cheung/code/AWR_Soft/build/CMakeFiles/CMakeTmp”
Makefile:126: recipe for target 'cmTC_c9efe/fast' failed
make: *** [cmTC_c9efe/fast] Error 2


